<?xml version="1.0" encoding="UTF-8"?>
<!-- Generated by org.testng.reporters.JUnitXMLReporter -->
<testsuite hostname="LAPTOP-R6TDFR8C" name="Bank Test" tests="7" failures="4" timestamp="2 Jun 2020 08:09:10 GMT" time="165.151" errors="0">
  <testcase name="loginTest" time="4.185" classname="testCase.TC_LoginTest_001"/>
  <testcase name="loginDDT" time="21.084" classname="testCase.TC_LoginDDT_002"/>
  <testcase name="loginDDT" time="6.518" classname="testCase.TC_LoginDDT_002">
    <failure type="java.lang.AssertionError" message="expected [true] but found [false]">
      <![CDATA[java.lang.AssertionError: expected [true] but found [false]
	at testCase.TC_LoginDDT_002.loginDDT(TC_LoginDDT_002.java:33)
... Removed 28 stack frames]]>
    </failure>
  </testcase> <!-- loginDDT -->
  <testcase name="loginDDT" time="7.584" classname="testCase.TC_LoginDDT_002">
    <failure type="java.lang.AssertionError" message="expected [true] but found [false]">
      <![CDATA[java.lang.AssertionError: expected [true] but found [false]
	at testCase.TC_LoginDDT_002.loginDDT(TC_LoginDDT_002.java:33)
... Removed 28 stack frames]]>
    </failure>
  </testcase> <!-- loginDDT -->
  <testcase name="loginDDT" time="14.84" classname="testCase.TC_LoginDDT_002"/>
  <testcase name="loginDDT" time="7.904" classname="testCase.TC_LoginDDT_002">
    <failure type="java.lang.AssertionError" message="expected [true] but found [false]">
      <![CDATA[java.lang.AssertionError: expected [true] but found [false]
	at testCase.TC_LoginDDT_002.loginDDT(TC_LoginDDT_002.java:33)
... Removed 28 stack frames]]>
    </failure>
  </testcase> <!-- loginDDT -->
  <testcase name="addNewCustomer" time="20.894" classname="testCase.TC_AddCustomerTest_003">
    <failure type="java.lang.AssertionError" message="expected [true] but found [false]">
      <![CDATA[java.lang.AssertionError: expected [true] but found [false]
	at testCase.TC_AddCustomerTest_003.addNewCustomer(TC_AddCustomerTest_003.java:64)
... Removed 28 stack frames]]>
    </failure>
  </testcase> <!-- addNewCustomer -->
</testsuite> <!-- Bank Test -->
