<?xml version="1.0" encoding="UTF-8"?>
<testng-results skipped="0" failed="0" total="1" passed="1">
  <reporter-output>
  </reporter-output>
  <suite name="Suite" duration-ms="65321" started-at="2020-06-04T17:03:09Z" finished-at="2020-06-04T17:04:14Z">
    <groups>
    </groups>
    <test name="Bank Test" duration-ms="65321" started-at="2020-06-04T17:03:09Z" finished-at="2020-06-04T17:04:14Z">
      <class name="testCase.TC_LoginTest_001">
        <test-method status="PASS" signature="setup(java.lang.String)[pri:0, instance:testCase.TC_LoginTest_001@58ceff1]" name="setup" is-config="true" duration-ms="40356" started-at="2020-06-04T22:33:10Z" finished-at="2020-06-04T22:33:50Z">
          <params>
            <param index="0">
              <value>
                <![CDATA[chrome]]>
              </value>
            </param>
          </params>
          <reporter-output>
          </reporter-output>
        </test-method> <!-- setup -->
        <test-method status="PASS" signature="loginTest()[pri:0, instance:testCase.TC_LoginTest_001@58ceff1]" name="loginTest" duration-ms="19634" started-at="2020-06-04T22:33:50Z" finished-at="2020-06-04T22:34:10Z">
          <reporter-output>
          </reporter-output>
        </test-method> <!-- loginTest -->
        <test-method status="PASS" signature="tearDown()[pri:0, instance:testCase.TC_LoginTest_001@58ceff1]" name="tearDown" is-config="true" duration-ms="4533" started-at="2020-06-04T22:34:10Z" finished-at="2020-06-04T22:34:14Z">
          <reporter-output>
          </reporter-output>
        </test-method> <!-- tearDown -->
      </class> <!-- testCase.TC_LoginTest_001 -->
    </test> <!-- Bank Test -->
  </suite> <!-- Suite -->
</testng-results>
