<?xml version="1.0" encoding="UTF-8"?>
<testng-results skipped="0" failed="0" total="1" passed="1">
  <reporter-output>
  </reporter-output>
  <suite name="Suite" duration-ms="64304" started-at="2020-06-03T18:56:12Z" finished-at="2020-06-03T18:57:17Z">
    <groups>
    </groups>
    <test name="Bank Test" duration-ms="64304" started-at="2020-06-03T18:56:12Z" finished-at="2020-06-03T18:57:17Z">
      <class name="testCase.TC_LoginTest_001">
        <test-method status="PASS" signature="setup(java.lang.String)[pri:0, instance:testCase.TC_LoginTest_001@58ceff1]" name="setup" is-config="true" duration-ms="33772" started-at="2020-06-04T00:26:13Z" finished-at="2020-06-04T00:26:47Z">
          <params>
            <param index="0">
              <value>
                <![CDATA[chrome]]>
              </value>
            </param>
          </params>
          <reporter-output>
          </reporter-output>
        </test-method> <!-- setup -->
        <test-method status="PASS" signature="loginTest()[pri:0, instance:testCase.TC_LoginTest_001@58ceff1]" name="loginTest" duration-ms="27564" started-at="2020-06-04T00:26:47Z" finished-at="2020-06-04T00:27:14Z">
          <reporter-output>
          </reporter-output>
        </test-method> <!-- loginTest -->
        <test-method status="PASS" signature="tearDown()[pri:0, instance:testCase.TC_LoginTest_001@58ceff1]" name="tearDown" is-config="true" duration-ms="2492" started-at="2020-06-04T00:27:14Z" finished-at="2020-06-04T00:27:17Z">
          <reporter-output>
          </reporter-output>
        </test-method> <!-- tearDown -->
      </class> <!-- testCase.TC_LoginTest_001 -->
    </test> <!-- Bank Test -->
  </suite> <!-- Suite -->
</testng-results>
